2024-08-08 13:06:24 INFO  FlowManager:152 - /io/github/nobuglady/network/MyFlow1.json
2024-08-08 13:06:24 INFO  FlowManager:134 - 1531e621-ea59-4d56-8b1b-7473c70d70d1
2024-08-08 13:06:25 INFO  MyFlow1:13 - processing a
2024-08-08 13:06:25 INFO  MyFlow1:44 - processing c
2024-08-08 13:06:25 INFO  MyFlow1:28 - processing b
2024-08-08 13:06:25 INFO  MyFlow1:37 - processing d
2024-08-08 13:11:08 INFO  FlowManager:152 - /io/github/nobuglady/network/MyFlow1.json
2024-08-08 13:11:08 INFO  FlowManager:134 - 87c47e7e-60b1-4213-bab6-4fb2902b37aa
2024-08-08 13:11:08 INFO  MyFlow1:13 - processing a
2024-08-08 13:11:08 INFO  MyFlow1:44 - processing c
2024-08-08 13:11:09 INFO  MyFlow1:28 - processing b
2024-08-08 13:11:09 INFO  MyFlow1:37 - processing d
2024-08-08 13:12:33 INFO  FlowManager:152 - /io/github/nobuglady/network/MyFlow1.json
2024-08-08 13:12:33 INFO  FlowManager:134 - 605db436-0b5d-49fc-9e3d-20ad3f371b58
2024-08-08 13:12:33 INFO  MyFlow1:13 - processing a
2024-08-08 13:12:33 INFO  MyFlow1:44 - processing c
2024-08-08 13:12:34 INFO  MyFlow1:28 - processing b
2024-08-08 13:12:34 INFO  MyFlow1:37 - processing d
2024-08-08 13:17:56 INFO  FlowManager:152 - /io/github/nobuglady/network/MyFlow1.json
2024-08-08 13:17:56 INFO  FlowManager:134 - af9c7bc5-fa5c-4ed5-ac09-dd4b96ee5a5c
2024-08-08 13:17:57 INFO  MyFlow1:13 - processing a
2024-08-08 13:17:57 INFO  MyFlow1:51 - processing e
2024-08-08 13:17:57 INFO  MyFlow1:44 - processing c
2024-08-08 13:17:57 INFO  MyFlow1:20 - processing f
2024-08-08 13:17:57 INFO  MyFlow1:37 - processing d
2024-08-08 13:19:37 INFO  FlowManager:152 - /io/github/nobuglady/network/MyFlow1.json
2024-08-08 13:19:38 INFO  FlowManager:134 - f9802f1f-fe5a-4c29-92a5-b4b898a77ed3
2024-08-08 13:19:38 INFO  MyFlow1:13 - processing a
2024-08-08 13:19:38 INFO  MyFlow1:51 - processing e
2024-08-08 13:19:38 INFO  MyFlow1:44 - processing c
2024-08-08 13:19:38 INFO  MyFlow1:20 - processing f
2024-08-08 13:19:38 INFO  MyFlow1:37 - processing d
2024-08-08 13:20:00 INFO  FlowManager:152 - /io/github/nobuglady/network/MyFlow1.json
2024-08-08 13:20:00 INFO  FlowManager:134 - 0e8bd09d-e902-4b93-a0d7-289e3b1b3732
2024-08-08 13:20:00 INFO  MyFlow1:13 - processing a
2024-08-08 13:20:00 INFO  MyFlow1:51 - processing e
2024-08-08 13:20:00 INFO  MyFlow1:44 - processing c
2024-08-08 13:20:00 INFO  MyFlow1:20 - processing f
2024-08-08 13:20:00 INFO  MyFlow1:37 - processing d
2024-08-08 13:20:01 INFO  MyFlow1:28 - processing b
2024-08-08 13:24:01 INFO  FlowManager:152 - /io/github/nobuglady/network/MyFlow1.json
2024-08-08 13:24:01 INFO  FlowManager:134 - e32955db-7a01-4c61-b990-1e79c429ffac
2024-08-08 13:24:41 INFO  FlowManager:152 - /io/github/nobuglady/network/MyFlow1.json
2024-08-08 13:24:41 INFO  FlowManager:134 - a011eb23-81a1-44a9-a6dc-21cf3fd407a0
2024-08-08 13:25:32 INFO  FlowManager:152 - /io/github/nobuglady/network/MyFlow1.json
2024-08-08 13:25:33 INFO  FlowManager:134 - a57175d8-2c2f-429e-aac3-cb95e9c98b3c
2024-08-08 13:25:33 INFO  MyFlow1:13 - processing a
2024-08-08 13:25:33 INFO  MyFlow1:51 - processing e
2024-08-08 13:25:33 INFO  MyFlow1:44 - processing c
2024-08-08 13:25:33 INFO  MyFlow1:20 - processing f
2024-08-08 13:25:33 INFO  MyFlow1:37 - processing d
2024-08-08 13:25:33 INFO  MyFlow1:28 - processing b
